2021-02-26 22:58:59,617  WARN QueueWithBuffer:377 Link 1 too small: enlarge storage capacity from: 10666.666666666666 Vehicles to: 28797.696184305256 Vehicles.  This is not fatal, but modifies the traffic flow dynamics.
2021-02-26 22:58:59,641  WARN QueueWithBuffer:377 Link 2 too small: enlarge storage capacity from: 10666.666666666666 Vehicles to: 28797.696184305256 Vehicles.  This is not fatal, but modifies the traffic flow dynamics.
2021-02-26 22:58:59,652  WARN QueueWithBuffer:377 Link 3 too small: enlarge storage capacity from: 10666.666666666666 Vehicles to: 28797.696184305256 Vehicles.  This is not fatal, but modifies the traffic flow dynamics.
2021-02-26 22:58:59,673  WARN QueueWithBuffer:377 Link 4 too small: enlarge storage capacity from: 10666.666666666666 Vehicles to: 28797.696184305256 Vehicles.  This is not fatal, but modifies the traffic flow dynamics.
2021-02-26 22:59:07,985 ERROR MatsimRuntimeModifications$1:41 Getting uncaught Exception in Thread main
java.lang.NoClassDefFoundError: javax/xml/bind/JAXBException
	at org.matsim.core.controler.corelisteners.DumpDataAtEndImpl.dumpLanes(DumpDataAtEndImpl.java:199)
	at org.matsim.core.controler.corelisteners.DumpDataAtEndImpl.notifyShutdown(DumpDataAtEndImpl.java:130)
	at org.matsim.core.controler.ControlerListenerManagerImpl.fireControlerShutdownEvent(ControlerListenerManagerImpl.java:122)
	at org.matsim.core.controler.AbstractController$1.shutdown(AbstractController.java:89)
	at org.matsim.core.controler.MatsimRuntimeModifications.run(MatsimRuntimeModifications.java:66)
	at org.matsim.core.controler.MatsimRuntimeModifications.run(MatsimRuntimeModifications.java:31)
	at org.matsim.core.controler.AbstractController.run(AbstractController.java:92)
	at org.matsim.core.controler.NewControler.run(NewControler.java:75)
	at org.matsim.core.controler.Controler.run(Controler.java:202)
	at org.matsim.run.Controler.run(Controler.java:56)
	at org.matsim.run.Controler.main(Controler.java:60)
Caused by: java.lang.ClassNotFoundException: javax.xml.bind.JAXBException
	at java.base/jdk.internal.loader.BuiltinClassLoader.loadClass(BuiltinClassLoader.java:583)
	at java.base/jdk.internal.loader.ClassLoaders$AppClassLoader.loadClass(ClassLoaders.java:178)
	at java.base/java.lang.ClassLoader.loadClass(ClassLoader.java:521)
	... 11 more
